INFO [2023-11-26 01:47:59] $x
INFO [2023-11-26 01:47:59] gene_lists
INFO [2023-11-26 01:47:59] 
INFO [2023-11-26 01:47:59] $category.names
INFO [2023-11-26 01:47:59] c("TCGA", "Darmanis", "Neftel", "Richards")
INFO [2023-11-26 01:47:59] 
INFO [2023-11-26 01:47:59] $filename
INFO [2023-11-26 01:47:59] NULL
INFO [2023-11-26 01:47:59] 
INFO [2023-11-26 01:47:59] $lwd
INFO [2023-11-26 01:47:59] [1] 2
INFO [2023-11-26 01:47:59] 
INFO [2023-11-26 01:47:59] $lty
INFO [2023-11-26 01:47:59] [1] "blank"
INFO [2023-11-26 01:47:59] 
INFO [2023-11-26 01:47:59] $fill
INFO [2023-11-26 01:47:59] brewer.pal(4, "Pastel1")
INFO [2023-11-26 01:47:59] 
INFO [2023-11-26 01:47:59] $cex
INFO [2023-11-26 01:47:59] [1] 0.6
INFO [2023-11-26 01:47:59] 
INFO [2023-11-26 01:47:59] $fontface
INFO [2023-11-26 01:47:59] [1] "bold"
INFO [2023-11-26 01:47:59] 
INFO [2023-11-26 01:47:59] $fontfamily
INFO [2023-11-26 01:47:59] [1] "sans"
INFO [2023-11-26 01:47:59] 
INFO [2023-11-26 01:47:59] $cat.cex
INFO [2023-11-26 01:47:59] [1] 0.6
INFO [2023-11-26 01:47:59] 
INFO [2023-11-26 01:47:59] $cat.fontface
INFO [2023-11-26 01:47:59] [1] "bold"
INFO [2023-11-26 01:47:59] 
INFO [2023-11-26 01:47:59] $cat.default.pos
INFO [2023-11-26 01:47:59] [1] "outer"
INFO [2023-11-26 01:47:59] 
INFO [2023-11-26 01:47:59] $cat.fontfamily
INFO [2023-11-26 01:47:59] [1] "sans"
INFO [2023-11-26 01:47:59] 
