INFO [2023-11-26 03:01:25] $x
INFO [2023-11-26 03:01:25] gene_lists
INFO [2023-11-26 03:01:25] 
INFO [2023-11-26 03:01:25] $category.names
INFO [2023-11-26 03:01:25] c("TCGA", "Darmanis", "Neftel", "Richards")
INFO [2023-11-26 03:01:25] 
INFO [2023-11-26 03:01:25] $filename
INFO [2023-11-26 03:01:25] NULL
INFO [2023-11-26 03:01:25] 
INFO [2023-11-26 03:01:25] $lwd
INFO [2023-11-26 03:01:25] [1] 2
INFO [2023-11-26 03:01:25] 
INFO [2023-11-26 03:01:25] $lty
INFO [2023-11-26 03:01:25] [1] "blank"
INFO [2023-11-26 03:01:25] 
INFO [2023-11-26 03:01:25] $fill
INFO [2023-11-26 03:01:25] brewer.pal(4, "Pastel1")
INFO [2023-11-26 03:01:25] 
INFO [2023-11-26 03:01:25] $cex
INFO [2023-11-26 03:01:25] [1] 0.6
INFO [2023-11-26 03:01:25] 
INFO [2023-11-26 03:01:25] $fontface
INFO [2023-11-26 03:01:25] [1] "bold"
INFO [2023-11-26 03:01:25] 
INFO [2023-11-26 03:01:25] $fontfamily
INFO [2023-11-26 03:01:25] [1] "sans"
INFO [2023-11-26 03:01:25] 
INFO [2023-11-26 03:01:25] $cat.cex
INFO [2023-11-26 03:01:25] [1] 0.6
INFO [2023-11-26 03:01:25] 
INFO [2023-11-26 03:01:25] $cat.fontface
INFO [2023-11-26 03:01:25] [1] "bold"
INFO [2023-11-26 03:01:25] 
INFO [2023-11-26 03:01:25] $cat.default.pos
INFO [2023-11-26 03:01:25] [1] "outer"
INFO [2023-11-26 03:01:25] 
INFO [2023-11-26 03:01:25] $cat.fontfamily
INFO [2023-11-26 03:01:25] [1] "sans"
INFO [2023-11-26 03:01:25] 
