INFO [2023-11-26 01:51:02] $x
INFO [2023-11-26 01:51:02] gene_lists
INFO [2023-11-26 01:51:02] 
INFO [2023-11-26 01:51:02] $category.names
INFO [2023-11-26 01:51:02] c("TCGA", "Darmanis", "Neftel", "Richards")
INFO [2023-11-26 01:51:02] 
INFO [2023-11-26 01:51:02] $filename
INFO [2023-11-26 01:51:02] NULL
INFO [2023-11-26 01:51:02] 
INFO [2023-11-26 01:51:02] $lwd
INFO [2023-11-26 01:51:02] [1] 2
INFO [2023-11-26 01:51:02] 
INFO [2023-11-26 01:51:02] $lty
INFO [2023-11-26 01:51:02] [1] "blank"
INFO [2023-11-26 01:51:02] 
INFO [2023-11-26 01:51:02] $fill
INFO [2023-11-26 01:51:02] brewer.pal(4, "Pastel1")
INFO [2023-11-26 01:51:02] 
INFO [2023-11-26 01:51:02] $cex
INFO [2023-11-26 01:51:02] [1] 0.6
INFO [2023-11-26 01:51:02] 
INFO [2023-11-26 01:51:02] $fontface
INFO [2023-11-26 01:51:02] [1] "bold"
INFO [2023-11-26 01:51:02] 
INFO [2023-11-26 01:51:02] $fontfamily
INFO [2023-11-26 01:51:02] [1] "sans"
INFO [2023-11-26 01:51:02] 
INFO [2023-11-26 01:51:02] $cat.cex
INFO [2023-11-26 01:51:02] [1] 0.6
INFO [2023-11-26 01:51:02] 
INFO [2023-11-26 01:51:02] $cat.fontface
INFO [2023-11-26 01:51:02] [1] "bold"
INFO [2023-11-26 01:51:02] 
INFO [2023-11-26 01:51:02] $cat.default.pos
INFO [2023-11-26 01:51:02] [1] "outer"
INFO [2023-11-26 01:51:02] 
INFO [2023-11-26 01:51:02] $cat.dist
INFO [2023-11-26 01:51:02] c(0.055, 0.055, 0.085, 0.085)
INFO [2023-11-26 01:51:02] 
INFO [2023-11-26 01:51:02] $cat.fontfamily
INFO [2023-11-26 01:51:02] [1] "sans"
INFO [2023-11-26 01:51:02] 
