INFO [2023-11-26 01:51:40] $x
INFO [2023-11-26 01:51:40] gene_lists
INFO [2023-11-26 01:51:40] 
INFO [2023-11-26 01:51:40] $category.names
INFO [2023-11-26 01:51:40] c("TCGA", "Darmanis", "Neftel", "Richards")
INFO [2023-11-26 01:51:40] 
INFO [2023-11-26 01:51:40] $filename
INFO [2023-11-26 01:51:40] NULL
INFO [2023-11-26 01:51:40] 
INFO [2023-11-26 01:51:40] $lwd
INFO [2023-11-26 01:51:40] [1] 2
INFO [2023-11-26 01:51:40] 
INFO [2023-11-26 01:51:40] $lty
INFO [2023-11-26 01:51:40] [1] "blank"
INFO [2023-11-26 01:51:40] 
INFO [2023-11-26 01:51:40] $fill
INFO [2023-11-26 01:51:40] brewer.pal(4, "Pastel1")
INFO [2023-11-26 01:51:40] 
INFO [2023-11-26 01:51:40] $cex
INFO [2023-11-26 01:51:40] [1] 0.6
INFO [2023-11-26 01:51:40] 
INFO [2023-11-26 01:51:40] $fontface
INFO [2023-11-26 01:51:40] [1] "bold"
INFO [2023-11-26 01:51:40] 
INFO [2023-11-26 01:51:40] $fontfamily
INFO [2023-11-26 01:51:40] [1] "sans"
INFO [2023-11-26 01:51:40] 
INFO [2023-11-26 01:51:40] $cat.cex
INFO [2023-11-26 01:51:40] [1] 0.6
INFO [2023-11-26 01:51:40] 
INFO [2023-11-26 01:51:40] $cat.fontface
INFO [2023-11-26 01:51:40] [1] "bold"
INFO [2023-11-26 01:51:40] 
INFO [2023-11-26 01:51:40] $cat.default.pos
INFO [2023-11-26 01:51:40] [1] "outer"
INFO [2023-11-26 01:51:40] 
INFO [2023-11-26 01:51:40] $cat.fontfamily
INFO [2023-11-26 01:51:40] [1] "sans"
INFO [2023-11-26 01:51:40] 
