INFO [2023-11-26 20:52:07] $x
INFO [2023-11-26 20:52:07] gene_lists
INFO [2023-11-26 20:52:07] 
INFO [2023-11-26 20:52:07] $category.names
INFO [2023-11-26 20:52:07] c("TCGA", "Darmanis", "Neftel", "Richards")
INFO [2023-11-26 20:52:07] 
INFO [2023-11-26 20:52:07] $filename
INFO [2023-11-26 20:52:07] NULL
INFO [2023-11-26 20:52:07] 
INFO [2023-11-26 20:52:07] $lwd
INFO [2023-11-26 20:52:07] [1] 2
INFO [2023-11-26 20:52:07] 
INFO [2023-11-26 20:52:07] $lty
INFO [2023-11-26 20:52:07] [1] "blank"
INFO [2023-11-26 20:52:07] 
INFO [2023-11-26 20:52:07] $fill
INFO [2023-11-26 20:52:07] brewer.pal(4, "Pastel1")
INFO [2023-11-26 20:52:07] 
INFO [2023-11-26 20:52:07] $cex
INFO [2023-11-26 20:52:07] [1] 0.6
INFO [2023-11-26 20:52:07] 
INFO [2023-11-26 20:52:07] $fontface
INFO [2023-11-26 20:52:07] [1] "bold"
INFO [2023-11-26 20:52:07] 
INFO [2023-11-26 20:52:07] $fontfamily
INFO [2023-11-26 20:52:07] [1] "sans"
INFO [2023-11-26 20:52:07] 
INFO [2023-11-26 20:52:07] $cat.cex
INFO [2023-11-26 20:52:07] [1] 0.6
INFO [2023-11-26 20:52:07] 
INFO [2023-11-26 20:52:07] $cat.fontface
INFO [2023-11-26 20:52:07] [1] "bold"
INFO [2023-11-26 20:52:07] 
INFO [2023-11-26 20:52:07] $cat.default.pos
INFO [2023-11-26 20:52:07] [1] "outer"
INFO [2023-11-26 20:52:07] 
INFO [2023-11-26 20:52:07] $cat.fontfamily
INFO [2023-11-26 20:52:07] [1] "sans"
INFO [2023-11-26 20:52:07] 
