INFO [2023-11-20 19:55:00] $x
INFO [2023-11-20 19:55:00] gene_lists
INFO [2023-11-20 19:55:00] 
INFO [2023-11-20 19:55:00] $category.names
INFO [2023-11-20 19:55:00] c("TCGA", "Darmanis", "Neftel", "Richards")
INFO [2023-11-20 19:55:00] 
INFO [2023-11-20 19:55:00] $filename
INFO [2023-11-20 19:55:00] paste0(getwd(), "/results/comparison_all/all_datasets_common_genes_vennDiagram.png")
INFO [2023-11-20 19:55:00] 
INFO [2023-11-20 19:55:00] $output
INFO [2023-11-20 19:55:00] [1] TRUE
INFO [2023-11-20 19:55:00] 
INFO [2023-11-20 19:55:00] $imagetype
INFO [2023-11-20 19:55:00] [1] "png"
INFO [2023-11-20 19:55:00] 
INFO [2023-11-20 19:55:00] $height
INFO [2023-11-20 19:55:00] [1] 480
INFO [2023-11-20 19:55:00] 
INFO [2023-11-20 19:55:00] $width
INFO [2023-11-20 19:55:00] [1] 480
INFO [2023-11-20 19:55:00] 
INFO [2023-11-20 19:55:00] $resolution
INFO [2023-11-20 19:55:00] [1] 300
INFO [2023-11-20 19:55:00] 
INFO [2023-11-20 19:55:00] $compression
INFO [2023-11-20 19:55:00] [1] "lzw"
INFO [2023-11-20 19:55:00] 
INFO [2023-11-20 19:55:00] $lwd
INFO [2023-11-20 19:55:00] [1] 2
INFO [2023-11-20 19:55:00] 
INFO [2023-11-20 19:55:00] $lty
INFO [2023-11-20 19:55:00] [1] "blank"
INFO [2023-11-20 19:55:00] 
INFO [2023-11-20 19:55:00] $fill
INFO [2023-11-20 19:55:00] brewer.pal(3, "Pastel1")
INFO [2023-11-20 19:55:00] 
INFO [2023-11-20 19:55:00] $cex
INFO [2023-11-20 19:55:00] [1] 0.6
INFO [2023-11-20 19:55:00] 
INFO [2023-11-20 19:55:00] $fontface
INFO [2023-11-20 19:55:00] [1] "bold"
INFO [2023-11-20 19:55:00] 
INFO [2023-11-20 19:55:00] $fontfamily
INFO [2023-11-20 19:55:00] [1] "sans"
INFO [2023-11-20 19:55:00] 
INFO [2023-11-20 19:55:00] $cat.cex
INFO [2023-11-20 19:55:00] [1] 0.6
INFO [2023-11-20 19:55:00] 
INFO [2023-11-20 19:55:00] $cat.fontface
INFO [2023-11-20 19:55:00] [1] "bold"
INFO [2023-11-20 19:55:00] 
INFO [2023-11-20 19:55:00] $cat.default.pos
INFO [2023-11-20 19:55:00] [1] "outer"
INFO [2023-11-20 19:55:00] 
INFO [2023-11-20 19:55:00] $cat.pos
INFO [2023-11-20 19:55:00] c(-27, 27, 135)
INFO [2023-11-20 19:55:00] 
INFO [2023-11-20 19:55:00] $cat.dist
INFO [2023-11-20 19:55:00] c(0.055, 0.055, 0.085)
INFO [2023-11-20 19:55:00] 
INFO [2023-11-20 19:55:00] $cat.fontfamily
INFO [2023-11-20 19:55:00] [1] "sans"
INFO [2023-11-20 19:55:00] 
INFO [2023-11-20 19:55:00] $rotation
INFO [2023-11-20 19:55:00] [1] 1
INFO [2023-11-20 19:55:00] 
