INFO [2023-11-20 19:58:06] $x
INFO [2023-11-20 19:58:06] gene_lists
INFO [2023-11-20 19:58:06] 
INFO [2023-11-20 19:58:06] $category.names
INFO [2023-11-20 19:58:06] c("TCGA", "Darmanis", "Neftel", "Richards")
INFO [2023-11-20 19:58:06] 
INFO [2023-11-20 19:58:06] $filename
INFO [2023-11-20 19:58:06] paste0(getwd(), "/results/comparison_all/all_datasets_common_genes_vennDiagram.png")
INFO [2023-11-20 19:58:06] 
INFO [2023-11-20 19:58:06] $output
INFO [2023-11-20 19:58:06] [1] TRUE
INFO [2023-11-20 19:58:06] 
INFO [2023-11-20 19:58:06] $imagetype
INFO [2023-11-20 19:58:06] [1] "png"
INFO [2023-11-20 19:58:06] 
INFO [2023-11-20 19:58:06] $height
INFO [2023-11-20 19:58:06] [1] 480
INFO [2023-11-20 19:58:06] 
INFO [2023-11-20 19:58:06] $width
INFO [2023-11-20 19:58:06] [1] 480
INFO [2023-11-20 19:58:06] 
INFO [2023-11-20 19:58:06] $resolution
INFO [2023-11-20 19:58:06] [1] 300
INFO [2023-11-20 19:58:06] 
INFO [2023-11-20 19:58:06] $compression
INFO [2023-11-20 19:58:06] [1] "lzw"
INFO [2023-11-20 19:58:06] 
INFO [2023-11-20 19:58:06] $lwd
INFO [2023-11-20 19:58:06] [1] 2
INFO [2023-11-20 19:58:06] 
INFO [2023-11-20 19:58:06] $lty
INFO [2023-11-20 19:58:06] [1] "blank"
INFO [2023-11-20 19:58:06] 
INFO [2023-11-20 19:58:06] $fill
INFO [2023-11-20 19:58:06] brewer.pal(3, "Pastel1")
INFO [2023-11-20 19:58:06] 
INFO [2023-11-20 19:58:06] $cex
INFO [2023-11-20 19:58:06] [1] 0.6
INFO [2023-11-20 19:58:06] 
ERROR [2023-11-20 19:58:06] Unexpected parameter length for "fill"
