INFO [2023-11-20 19:56:39] $x
INFO [2023-11-20 19:56:39] gene_lists
INFO [2023-11-20 19:56:39] 
INFO [2023-11-20 19:56:39] $category.names
INFO [2023-11-20 19:56:39] c("TCGA", "Darmanis", "Neftel", "Richards")
INFO [2023-11-20 19:56:39] 
INFO [2023-11-20 19:56:39] $filename
INFO [2023-11-20 19:56:39] paste0(getwd(), "/results/comparison_all/all_datasets_common_genes_vennDiagram.png")
INFO [2023-11-20 19:56:39] 
INFO [2023-11-20 19:56:39] $output
INFO [2023-11-20 19:56:39] [1] TRUE
INFO [2023-11-20 19:56:39] 
INFO [2023-11-20 19:56:39] $imagetype
INFO [2023-11-20 19:56:39] [1] "png"
INFO [2023-11-20 19:56:39] 
INFO [2023-11-20 19:56:39] $height
INFO [2023-11-20 19:56:39] [1] 480
INFO [2023-11-20 19:56:39] 
INFO [2023-11-20 19:56:39] $width
INFO [2023-11-20 19:56:39] [1] 480
INFO [2023-11-20 19:56:39] 
INFO [2023-11-20 19:56:39] $resolution
INFO [2023-11-20 19:56:39] [1] 300
INFO [2023-11-20 19:56:39] 
INFO [2023-11-20 19:56:39] $compression
INFO [2023-11-20 19:56:39] [1] "lzw"
INFO [2023-11-20 19:56:39] 
INFO [2023-11-20 19:56:39] $lwd
INFO [2023-11-20 19:56:39] [1] 2
INFO [2023-11-20 19:56:39] 
INFO [2023-11-20 19:56:39] $lty
INFO [2023-11-20 19:56:39] [1] "blank"
INFO [2023-11-20 19:56:39] 
INFO [2023-11-20 19:56:39] $fill
INFO [2023-11-20 19:56:39] brewer.pal(3, "Pastel1")
INFO [2023-11-20 19:56:39] 
INFO [2023-11-20 19:56:39] $cex
INFO [2023-11-20 19:56:39] [1] 0.6
INFO [2023-11-20 19:56:39] 
INFO [2023-11-20 19:56:39] $fontface
INFO [2023-11-20 19:56:39] [1] "bold"
INFO [2023-11-20 19:56:39] 
INFO [2023-11-20 19:56:39] $fontfamily
INFO [2023-11-20 19:56:39] [1] "sans"
INFO [2023-11-20 19:56:39] 
INFO [2023-11-20 19:56:39] $cat.cex
INFO [2023-11-20 19:56:39] [1] 0.6
INFO [2023-11-20 19:56:39] 
INFO [2023-11-20 19:56:39] $cat.fontface
INFO [2023-11-20 19:56:39] [1] "bold"
INFO [2023-11-20 19:56:39] 
INFO [2023-11-20 19:56:39] $cat.default.pos
INFO [2023-11-20 19:56:39] [1] "outer"
INFO [2023-11-20 19:56:39] 
INFO [2023-11-20 19:56:39] $cat.pos
INFO [2023-11-20 19:56:39] c(-27, 27, 135)
INFO [2023-11-20 19:56:39] 
INFO [2023-11-20 19:56:39] $cat.dist
INFO [2023-11-20 19:56:39] c(0.055, 0.055, 0.085)
INFO [2023-11-20 19:56:39] 
INFO [2023-11-20 19:56:39] $cat.fontfamily
INFO [2023-11-20 19:56:39] [1] "sans"
INFO [2023-11-20 19:56:39] 
INFO [2023-11-20 19:56:39] $rotation
INFO [2023-11-20 19:56:39] [1] 1
INFO [2023-11-20 19:56:39] 
