INFO [2023-11-20 19:59:14] $x
INFO [2023-11-20 19:59:14] gene_lists
INFO [2023-11-20 19:59:14] 
INFO [2023-11-20 19:59:14] $category.names
INFO [2023-11-20 19:59:14] c("TCGA", "Darmanis", "Neftel", "Richards")
INFO [2023-11-20 19:59:14] 
INFO [2023-11-20 19:59:14] $filename
INFO [2023-11-20 19:59:14] paste0(getwd(), "/results/comparison_all/all_datasets_common_genes_vennDiagram.png")
INFO [2023-11-20 19:59:14] 
INFO [2023-11-20 19:59:14] $output
INFO [2023-11-20 19:59:14] [1] TRUE
INFO [2023-11-20 19:59:14] 
INFO [2023-11-20 19:59:14] $imagetype
INFO [2023-11-20 19:59:14] [1] "png"
INFO [2023-11-20 19:59:14] 
INFO [2023-11-20 19:59:14] $height
INFO [2023-11-20 19:59:14] [1] 480
INFO [2023-11-20 19:59:14] 
INFO [2023-11-20 19:59:14] $width
INFO [2023-11-20 19:59:14] [1] 480
INFO [2023-11-20 19:59:14] 
INFO [2023-11-20 19:59:14] $resolution
INFO [2023-11-20 19:59:14] [1] 300
INFO [2023-11-20 19:59:14] 
INFO [2023-11-20 19:59:14] $compression
INFO [2023-11-20 19:59:14] [1] "lzw"
INFO [2023-11-20 19:59:14] 
INFO [2023-11-20 19:59:14] $lwd
INFO [2023-11-20 19:59:14] [1] 2
INFO [2023-11-20 19:59:14] 
INFO [2023-11-20 19:59:14] $lty
INFO [2023-11-20 19:59:14] [1] "blank"
INFO [2023-11-20 19:59:14] 
INFO [2023-11-20 19:59:14] $fill
INFO [2023-11-20 19:59:14] brewer.pal(4, "Pastel1")
INFO [2023-11-20 19:59:14] 
INFO [2023-11-20 19:59:14] $cex
INFO [2023-11-20 19:59:14] [1] 0.6
INFO [2023-11-20 19:59:14] 
INFO [2023-11-20 19:59:14] $fontface
INFO [2023-11-20 19:59:14] [1] "bold"
INFO [2023-11-20 19:59:14] 
INFO [2023-11-20 19:59:14] $fontfamily
INFO [2023-11-20 19:59:14] [1] "sans"
INFO [2023-11-20 19:59:14] 
INFO [2023-11-20 19:59:14] $cat.cex
INFO [2023-11-20 19:59:14] [1] 0.6
INFO [2023-11-20 19:59:14] 
INFO [2023-11-20 19:59:14] $cat.fontface
INFO [2023-11-20 19:59:14] [1] "bold"
INFO [2023-11-20 19:59:14] 
INFO [2023-11-20 19:59:14] $cat.default.pos
INFO [2023-11-20 19:59:14] [1] "outer"
INFO [2023-11-20 19:59:14] 
INFO [2023-11-20 19:59:14] $cat.pos
INFO [2023-11-20 19:59:14] c(-27, 27, 135, -135)
INFO [2023-11-20 19:59:14] 
INFO [2023-11-20 19:59:14] $cat.dist
INFO [2023-11-20 19:59:14] c(0.055, 0.055, 0.085, 0.085)
INFO [2023-11-20 19:59:14] 
INFO [2023-11-20 19:59:14] $cat.fontfamily
INFO [2023-11-20 19:59:14] [1] "sans"
INFO [2023-11-20 19:59:14] 
INFO [2023-11-20 19:59:14] $rotation
INFO [2023-11-20 19:59:14] [1] 1
INFO [2023-11-20 19:59:14] 
