INFO [2023-11-20 19:58:22] $x
INFO [2023-11-20 19:58:22] gene_lists
INFO [2023-11-20 19:58:22] 
INFO [2023-11-20 19:58:22] $category.names
INFO [2023-11-20 19:58:22] c("TCGA", "Darmanis", "Neftel", "Richards")
INFO [2023-11-20 19:58:22] 
INFO [2023-11-20 19:58:22] $filename
INFO [2023-11-20 19:58:22] paste0(getwd(), "/results/comparison_all/all_datasets_common_genes_vennDiagram.png")
INFO [2023-11-20 19:58:22] 
INFO [2023-11-20 19:58:22] $output
INFO [2023-11-20 19:58:22] [1] TRUE
INFO [2023-11-20 19:58:22] 
INFO [2023-11-20 19:58:22] $imagetype
INFO [2023-11-20 19:58:22] [1] "png"
INFO [2023-11-20 19:58:22] 
INFO [2023-11-20 19:58:22] $height
INFO [2023-11-20 19:58:22] [1] 480
INFO [2023-11-20 19:58:22] 
INFO [2023-11-20 19:58:22] $width
INFO [2023-11-20 19:58:22] [1] 480
INFO [2023-11-20 19:58:22] 
INFO [2023-11-20 19:58:22] $resolution
INFO [2023-11-20 19:58:22] [1] 300
INFO [2023-11-20 19:58:22] 
INFO [2023-11-20 19:58:22] $compression
INFO [2023-11-20 19:58:22] [1] "lzw"
INFO [2023-11-20 19:58:22] 
INFO [2023-11-20 19:58:22] $lwd
INFO [2023-11-20 19:58:22] [1] 2
INFO [2023-11-20 19:58:22] 
INFO [2023-11-20 19:58:22] $lty
INFO [2023-11-20 19:58:22] [1] "blank"
INFO [2023-11-20 19:58:22] 
INFO [2023-11-20 19:58:22] $cex
INFO [2023-11-20 19:58:22] [1] 0
INFO [2023-11-20 19:58:22] 
