INFO [2023-11-20 19:58:51] $x
INFO [2023-11-20 19:58:51] gene_lists
INFO [2023-11-20 19:58:51] 
INFO [2023-11-20 19:58:51] $category.names
INFO [2023-11-20 19:58:51] c("TCGA", "Darmanis", "Neftel", "Richards")
INFO [2023-11-20 19:58:51] 
INFO [2023-11-20 19:58:51] $filename
INFO [2023-11-20 19:58:51] paste0(getwd(), "/results/comparison_all/all_datasets_common_genes_vennDiagram.png")
INFO [2023-11-20 19:58:51] 
INFO [2023-11-20 19:58:51] $output
INFO [2023-11-20 19:58:51] [1] TRUE
INFO [2023-11-20 19:58:51] 
INFO [2023-11-20 19:58:51] $imagetype
INFO [2023-11-20 19:58:51] [1] "png"
INFO [2023-11-20 19:58:51] 
INFO [2023-11-20 19:58:51] $height
INFO [2023-11-20 19:58:51] [1] 480
INFO [2023-11-20 19:58:51] 
INFO [2023-11-20 19:58:51] $width
INFO [2023-11-20 19:58:51] [1] 480
INFO [2023-11-20 19:58:51] 
INFO [2023-11-20 19:58:51] $resolution
INFO [2023-11-20 19:58:51] [1] 300
INFO [2023-11-20 19:58:51] 
INFO [2023-11-20 19:58:51] $compression
INFO [2023-11-20 19:58:51] [1] "lzw"
INFO [2023-11-20 19:58:51] 
INFO [2023-11-20 19:58:51] $lwd
INFO [2023-11-20 19:58:51] [1] 2
INFO [2023-11-20 19:58:51] 
INFO [2023-11-20 19:58:51] $lty
INFO [2023-11-20 19:58:51] [1] "blank"
INFO [2023-11-20 19:58:51] 
INFO [2023-11-20 19:58:51] $fill
INFO [2023-11-20 19:58:51] brewer.pal(4, "Pastel1")
INFO [2023-11-20 19:58:51] 
INFO [2023-11-20 19:58:51] $cex
INFO [2023-11-20 19:58:51] [1] 0.6
INFO [2023-11-20 19:58:51] 
INFO [2023-11-20 19:58:51] $fontface
INFO [2023-11-20 19:58:51] [1] "bold"
INFO [2023-11-20 19:58:51] 
INFO [2023-11-20 19:58:51] $fontfamily
INFO [2023-11-20 19:58:51] [1] "sans"
INFO [2023-11-20 19:58:51] 
INFO [2023-11-20 19:58:51] $cat.cex
INFO [2023-11-20 19:58:51] [1] 0.6
INFO [2023-11-20 19:58:51] 
INFO [2023-11-20 19:58:51] $cat.fontface
INFO [2023-11-20 19:58:51] [1] "bold"
INFO [2023-11-20 19:58:51] 
INFO [2023-11-20 19:58:51] $cat.default.pos
INFO [2023-11-20 19:58:51] [1] "outer"
INFO [2023-11-20 19:58:51] 
INFO [2023-11-20 19:58:51] $cat.pos
INFO [2023-11-20 19:58:51] c(-27, 27, 135)
INFO [2023-11-20 19:58:51] 
INFO [2023-11-20 19:58:51] $cat.dist
INFO [2023-11-20 19:58:51] c(0.055, 0.055, 0.085)
INFO [2023-11-20 19:58:51] 
INFO [2023-11-20 19:58:51] $cat.fontfamily
INFO [2023-11-20 19:58:51] [1] "sans"
INFO [2023-11-20 19:58:51] 
INFO [2023-11-20 19:58:51] $rotation
INFO [2023-11-20 19:58:51] [1] 1
INFO [2023-11-20 19:58:51] 
