INFO [2023-11-20 19:57:09] $x
INFO [2023-11-20 19:57:09] gene_lists
INFO [2023-11-20 19:57:09] 
INFO [2023-11-20 19:57:09] $category.names
INFO [2023-11-20 19:57:09] c("TCGA", "Darmanis", "Neftel", "Richards")
INFO [2023-11-20 19:57:09] 
INFO [2023-11-20 19:57:09] $filename
INFO [2023-11-20 19:57:09] paste0(getwd(), "/results/comparison_all/all_datasets_common_genes_vennDiagram.png")
INFO [2023-11-20 19:57:09] 
INFO [2023-11-20 19:57:09] $output
INFO [2023-11-20 19:57:09] [1] TRUE
INFO [2023-11-20 19:57:09] 
INFO [2023-11-20 19:57:09] $imagetype
INFO [2023-11-20 19:57:09] [1] "png"
INFO [2023-11-20 19:57:09] 
INFO [2023-11-20 19:57:09] $height
INFO [2023-11-20 19:57:09] [1] 480
INFO [2023-11-20 19:57:09] 
INFO [2023-11-20 19:57:09] $width
INFO [2023-11-20 19:57:09] [1] 480
INFO [2023-11-20 19:57:09] 
INFO [2023-11-20 19:57:09] $resolution
INFO [2023-11-20 19:57:09] [1] 300
INFO [2023-11-20 19:57:09] 
INFO [2023-11-20 19:57:09] $compression
INFO [2023-11-20 19:57:09] [1] "lzw"
INFO [2023-11-20 19:57:09] 
INFO [2023-11-20 19:57:09] $lwd
INFO [2023-11-20 19:57:09] [1] 2
INFO [2023-11-20 19:57:09] 
INFO [2023-11-20 19:57:09] $lty
INFO [2023-11-20 19:57:09] [1] "blank"
INFO [2023-11-20 19:57:09] 
INFO [2023-11-20 19:57:09] $fill
INFO [2023-11-20 19:57:09] brewer.pal(3, "Pastel1")
INFO [2023-11-20 19:57:09] 
