INFO [2023-11-20 19:57:18] $x
INFO [2023-11-20 19:57:18] gene_lists
INFO [2023-11-20 19:57:18] 
INFO [2023-11-20 19:57:18] $category.names
INFO [2023-11-20 19:57:18] c("TCGA", "Darmanis", "Neftel", "Richards")
INFO [2023-11-20 19:57:18] 
INFO [2023-11-20 19:57:18] $filename
INFO [2023-11-20 19:57:18] paste0(getwd(), "/results/comparison_all/all_datasets_common_genes_vennDiagram.png")
INFO [2023-11-20 19:57:18] 
INFO [2023-11-20 19:57:18] $output
INFO [2023-11-20 19:57:18] [1] TRUE
INFO [2023-11-20 19:57:18] 
INFO [2023-11-20 19:57:18] $imagetype
INFO [2023-11-20 19:57:18] [1] "png"
INFO [2023-11-20 19:57:18] 
INFO [2023-11-20 19:57:18] $height
INFO [2023-11-20 19:57:18] [1] 480
INFO [2023-11-20 19:57:18] 
INFO [2023-11-20 19:57:18] $width
INFO [2023-11-20 19:57:18] [1] 480
INFO [2023-11-20 19:57:18] 
INFO [2023-11-20 19:57:18] $resolution
INFO [2023-11-20 19:57:18] [1] 300
INFO [2023-11-20 19:57:18] 
INFO [2023-11-20 19:57:18] $compression
INFO [2023-11-20 19:57:18] [1] "lzw"
INFO [2023-11-20 19:57:18] 
INFO [2023-11-20 19:57:18] $lwd
INFO [2023-11-20 19:57:18] [1] 2
INFO [2023-11-20 19:57:18] 
INFO [2023-11-20 19:57:18] $lty
INFO [2023-11-20 19:57:18] [1] "blank"
INFO [2023-11-20 19:57:18] 
INFO [2023-11-20 19:57:18] $fill
INFO [2023-11-20 19:57:18] brewer.pal(3, "Pastel1")
INFO [2023-11-20 19:57:18] 
ERROR [2023-11-20 19:57:18] Unexpected parameter length for "fill"
