INFO [2023-11-20 16:59:13] $x
INFO [2023-11-20 16:59:13] markers_prnp_positive_upGenes
INFO [2023-11-20 16:59:13] 
INFO [2023-11-20 16:59:13] $category.names
INFO [2023-11-20 16:59:13] c("Darmanis", "Neftel", "Richards")
INFO [2023-11-20 16:59:13] 
INFO [2023-11-20 16:59:13] $filename
INFO [2023-11-20 16:59:13] paste0(getwd(), "/results/comparison_single_cell/single_cell_datasets_common_markers_prnp_positive_upGenes.png")
INFO [2023-11-20 16:59:13] 
INFO [2023-11-20 16:59:13] $output
INFO [2023-11-20 16:59:13] [1] TRUE
INFO [2023-11-20 16:59:13] 
INFO [2023-11-20 16:59:13] $imagetype
INFO [2023-11-20 16:59:13] [1] "png"
INFO [2023-11-20 16:59:13] 
INFO [2023-11-20 16:59:13] $height
INFO [2023-11-20 16:59:13] [1] 480
INFO [2023-11-20 16:59:13] 
INFO [2023-11-20 16:59:13] $width
INFO [2023-11-20 16:59:13] [1] 480
INFO [2023-11-20 16:59:13] 
INFO [2023-11-20 16:59:13] $resolution
INFO [2023-11-20 16:59:13] [1] 300
INFO [2023-11-20 16:59:13] 
INFO [2023-11-20 16:59:13] $compression
INFO [2023-11-20 16:59:13] [1] "lzw"
INFO [2023-11-20 16:59:13] 
INFO [2023-11-20 16:59:13] $lwd
INFO [2023-11-20 16:59:13] [1] 2
INFO [2023-11-20 16:59:13] 
INFO [2023-11-20 16:59:13] $lty
INFO [2023-11-20 16:59:13] [1] "blank"
INFO [2023-11-20 16:59:13] 
INFO [2023-11-20 16:59:13] $fill
INFO [2023-11-20 16:59:13] brewer.pal(3, "Pastel1")
INFO [2023-11-20 16:59:13] 
INFO [2023-11-20 16:59:13] $cex
INFO [2023-11-20 16:59:13] [1] 0.6
INFO [2023-11-20 16:59:13] 
INFO [2023-11-20 16:59:13] $fontface
INFO [2023-11-20 16:59:13] [1] "bold"
INFO [2023-11-20 16:59:13] 
INFO [2023-11-20 16:59:13] $fontfamily
INFO [2023-11-20 16:59:13] [1] "sans"
INFO [2023-11-20 16:59:13] 
INFO [2023-11-20 16:59:13] $cat.cex
INFO [2023-11-20 16:59:13] [1] 0.6
INFO [2023-11-20 16:59:13] 
INFO [2023-11-20 16:59:13] $cat.fontface
INFO [2023-11-20 16:59:13] [1] "bold"
INFO [2023-11-20 16:59:13] 
INFO [2023-11-20 16:59:13] $cat.default.pos
INFO [2023-11-20 16:59:13] [1] "outer"
INFO [2023-11-20 16:59:13] 
INFO [2023-11-20 16:59:13] $cat.pos
INFO [2023-11-20 16:59:13] c(-27, 27, 135)
INFO [2023-11-20 16:59:13] 
INFO [2023-11-20 16:59:13] $cat.dist
INFO [2023-11-20 16:59:13] c(0.055, 0.055, 0.085)
INFO [2023-11-20 16:59:13] 
INFO [2023-11-20 16:59:13] $cat.fontfamily
INFO [2023-11-20 16:59:13] [1] "sans"
INFO [2023-11-20 16:59:13] 
INFO [2023-11-20 16:59:13] $rotation
INFO [2023-11-20 16:59:13] [1] 1
INFO [2023-11-20 16:59:13] 
